<?xml version="1.0" encoding="UTF-8"?>
<!-- Generated by org.testng.reporters.JUnitReportReporter -->
<testsuite hostname="INOV-9pXIcUKf4o" failures="0" tests="1" name="test.JsonSchemaValidator" time="1.267" errors="0" timestamp="2024-02-11T10:04:55 IST" skipped="0">
  <testcase classname="test.JsonSchemaValidator" name="testGet" time="1.267"/>
</testsuite> <!-- test.JsonSchemaValidator -->
