<?xml version="1.0" encoding="UTF-8"?>
<!-- Generated by org.testng.reporters.JUnitReportReporter -->
<testsuite hostname="INOV-9pXIcUKf4o" failures="0" tests="2" name="test.TestsExamples" time="1.927" errors="0" timestamp="2024-02-09T14:23:29 IST" skipped="0">
  <testcase classname="test.TestsExamples" name="test_1" time="1.033"/>
  <testcase classname="test.TestsExamples" name="test_2" time="0.894"/>
</testsuite> <!-- test.TestsExamples -->
