<?xml version="1.0" encoding="UTF-8"?>
<!-- Generated by org.testng.reporters.JUnitReportReporter -->
<testsuite hostname="INOV-9pXIcUKf4o" failures="0" tests="1" name="test.GetAndPostExamples" time="2.038" errors="0" timestamp="2024-02-09T15:58:08 IST" skipped="0">
  <testcase classname="test.GetAndPostExamples" name="testPost" time="2.038"/>
</testsuite> <!-- test.GetAndPostExamples -->
