<?xml version="1.0" encoding="UTF-8"?>
<!-- Generated by org.testng.reporters.JUnitReportReporter -->
<testsuite hostname="INOV-9pXIcUKf4o" failures="0" tests="3" name="test.PutPatchDeleteExamples" time="2.419" errors="0" timestamp="2024-02-09T16:06:22 IST" skipped="0">
  <testcase classname="test.PutPatchDeleteExamples" name="testPut" time="0.455"/>
  <testcase classname="test.PutPatchDeleteExamples" name="testPatch" time="0.497"/>
  <testcase classname="test.PutPatchDeleteExamples" name="testDelete" time="1.467"/>
</testsuite> <!-- test.PutPatchDeleteExamples -->
