<?xml version="1.0" encoding="UTF-8"?>
<!-- Generated by org.testng.reporters.JUnitReportReporter -->
<testsuite hostname="INOV-9pXIcUKf4o" failures="0" tests="1" name="test.SoapXMLRequest" time="1.759" errors="0" timestamp="2024-02-11T12:41:03 IST" skipped="0">
  <testcase classname="test.SoapXMLRequest" name="validateSoapXML" time="1.759"/>
</testsuite> <!-- test.SoapXMLRequest -->
